0 info it worked if it ends with ok
1 verbose cli [ 'C:\\Program Files\\nodejs\\node.exe',
1 verbose cli   'C:\\Users\\Guillaume\\AppData\\Roaming\\npm\\node_modules\\npm\\bin\\npm-cli.js',
1 verbose cli   'install',
1 verbose cli   'boostrap' ]
2 info using npm@2.15.11
3 info using node@v7.1.0
4 verbose install initial load of C:\Users\Guillaume\Documents\interface_web_avancee\InterfaceWebAvancee\package.json
5 verbose installManyTop reading scoped package data from C:\Users\Guillaume\Documents\interface_web_avancee\InterfaceWebAvancee\node_modules\bower\package.json
6 verbose installManyTop reading scoped package data from C:\Users\Guillaume\Documents\interface_web_avancee\InterfaceWebAvancee\node_modules\http-server\package.json
7 verbose installManyTop reading scoped package data from C:\Users\Guillaume\Documents\interface_web_avancee\InterfaceWebAvancee\node_modules\jasmine-core\package.json
8 verbose installManyTop reading scoped package data from C:\Users\Guillaume\Documents\interface_web_avancee\InterfaceWebAvancee\node_modules\karma\package.json
9 verbose installManyTop reading scoped package data from C:\Users\Guillaume\Documents\interface_web_avancee\InterfaceWebAvancee\node_modules\karma-chrome-launcher\package.json
10 verbose installManyTop reading scoped package data from C:\Users\Guillaume\Documents\interface_web_avancee\InterfaceWebAvancee\node_modules\karma-firefox-launcher\package.json
11 verbose installManyTop reading scoped package data from C:\Users\Guillaume\Documents\interface_web_avancee\InterfaceWebAvancee\node_modules\karma-jasmine\package.json
12 verbose installManyTop reading scoped package data from C:\Users\Guillaume\Documents\interface_web_avancee\InterfaceWebAvancee\node_modules\karma-junit-reporter\package.json
13 verbose installManyTop reading scoped package data from C:\Users\Guillaume\Documents\interface_web_avancee\InterfaceWebAvancee\node_modules\protractor\package.json
14 verbose readDependencies loading dependencies from C:\Users\Guillaume\Documents\interface_web_avancee\InterfaceWebAvancee\package.json
15 silly cache add args [ 'boostrap', null ]
16 verbose cache add spec boostrap
17 silly cache add parsed spec Result {
17 silly cache add   raw: 'boostrap',
17 silly cache add   scope: null,
17 silly cache add   name: 'boostrap',
17 silly cache add   rawSpec: '',
17 silly cache add   spec: 'latest',
17 silly cache add   type: 'tag' }
18 silly addNamed boostrap@latest
19 verbose addNamed "latest" is being treated as a dist-tag for boostrap
20 info addNameTag [ 'boostrap', 'latest' ]
21 silly mapToRegistry name boostrap
22 silly mapToRegistry using default registry
23 silly mapToRegistry registry https://registry.npmjs.org/
24 silly mapToRegistry data Result {
24 silly mapToRegistry   raw: 'boostrap',
24 silly mapToRegistry   scope: null,
24 silly mapToRegistry   name: 'boostrap',
24 silly mapToRegistry   rawSpec: '',
24 silly mapToRegistry   spec: 'latest',
24 silly mapToRegistry   type: 'tag' }
25 silly mapToRegistry uri https://registry.npmjs.org/boostrap
26 verbose addNameTag registry:https://registry.npmjs.org/boostrap not in flight; fetching
27 verbose request uri https://registry.npmjs.org/boostrap
28 verbose request no auth needed
29 info attempt registry request try #1 at 18:43:06
30 verbose request id a6cedb2df2b2f064
31 http request GET https://registry.npmjs.org/boostrap
32 http 404 https://registry.npmjs.org/boostrap
33 verbose headers { 'content-type': 'application/json',
33 verbose headers   'cache-control': 'max-age=0',
33 verbose headers   'content-length': '2',
33 verbose headers   'accept-ranges': 'bytes',
33 verbose headers   date: 'Thu, 17 Nov 2016 17:43:12 GMT',
33 verbose headers   via: '1.1 varnish',
33 verbose headers   age: '0',
33 verbose headers   connection: 'keep-alive',
33 verbose headers   'x-served-by': 'cache-cdg8734-CDG',
33 verbose headers   'x-cache': 'MISS',
33 verbose headers   'x-cache-hits': '0',
33 verbose headers   'x-timer': 'S1479404591.995209,VS0,VE466',
33 verbose headers   vary: 'Accept-Encoding' }
34 silly get cb [ 404,
34 silly get   { 'content-type': 'application/json',
34 silly get     'cache-control': 'max-age=0',
34 silly get     'content-length': '2',
34 silly get     'accept-ranges': 'bytes',
34 silly get     date: 'Thu, 17 Nov 2016 17:43:12 GMT',
34 silly get     via: '1.1 varnish',
34 silly get     age: '0',
34 silly get     connection: 'keep-alive',
34 silly get     'x-served-by': 'cache-cdg8734-CDG',
34 silly get     'x-cache': 'MISS',
34 silly get     'x-cache-hits': '0',
34 silly get     'x-timer': 'S1479404591.995209,VS0,VE466',
34 silly get     vary: 'Accept-Encoding' } ]
35 verbose stack Error: Registry returned 404 for GET on https://registry.npmjs.org/boostrap
35 verbose stack     at makeError (C:\Users\Guillaume\AppData\Roaming\npm\node_modules\npm\node_modules\npm-registry-client\lib\request.js:302:12)
35 verbose stack     at CachingRegistryClient.<anonymous> (C:\Users\Guillaume\AppData\Roaming\npm\node_modules\npm\node_modules\npm-registry-client\lib\request.js:280:14)
35 verbose stack     at Request._callback (C:\Users\Guillaume\AppData\Roaming\npm\node_modules\npm\node_modules\npm-registry-client\lib\request.js:210:14)
35 verbose stack     at Request.self.callback (C:\Users\Guillaume\AppData\Roaming\npm\node_modules\npm\node_modules\request\request.js:187:22)
35 verbose stack     at emitTwo (events.js:106:13)
35 verbose stack     at Request.emit (events.js:191:7)
35 verbose stack     at Request.<anonymous> (C:\Users\Guillaume\AppData\Roaming\npm\node_modules\npm\node_modules\request\request.js:1044:10)
35 verbose stack     at emitOne (events.js:96:13)
35 verbose stack     at Request.emit (events.js:188:7)
35 verbose stack     at IncomingMessage.<anonymous> (C:\Users\Guillaume\AppData\Roaming\npm\node_modules\npm\node_modules\request\request.js:965:12)
36 verbose statusCode 404
37 verbose pkgid boostrap
38 verbose cwd C:\Users\Guillaume\Documents\interface_web_avancee\InterfaceWebAvancee
39 error Windows_NT 6.3.9600
40 error argv "C:\\Program Files\\nodejs\\node.exe" "C:\\Users\\Guillaume\\AppData\\Roaming\\npm\\node_modules\\npm\\bin\\npm-cli.js" "install" "boostrap"
41 error node v7.1.0
42 error npm  v2.15.11
43 error code E404
44 error 404 Registry returned 404 for GET on https://registry.npmjs.org/boostrap
44 error 404
44 error 404 'boostrap' is not in the npm registry.
44 error 404 You should bug the author to publish it (or use the name yourself!)
44 error 404 It was specified as a dependency of 'angular-seed'
44 error 404
44 error 404 Note that you can also install from a
44 error 404 tarball, folder, http url, or git url.
45 verbose exit [ 1, true ]
